kotlin version: 2.0.21
error message: java.lang.NoClassDefFoundError: com/typewritermc/core/utils/point/Generic
	at com.typewritermc.processors.entry.editors.GenericEditor.accept(GenericEditor.kt:17)
	at com.typewritermc.processors.entry.DataBlueprint$CustomBlueprint$Companion.blueprint(DataBlueprint.kt:323)
	at com.typewritermc.processors.entry.DataBlueprint$Companion.blueprint(DataBlueprint.kt:33)
	at com.typewritermc.verification.EntryConstructorAllHaveDefaultValueValidator.shouldCheck(EntryConstructorAllHaveDefaultValueValidator.kt:60)
	at com.typewritermc.verification.EntryConstructorAllHaveDefaultValueValidator.validateConstructor$lambda$6(EntryConstructorAllHaveDefaultValueValidator.kt:46)
	at kotlin.sequences.FlatteningSequence$iterator$1.ensureItemIterator(Sequences.kt:330)
	at kotlin.sequences.FlatteningSequence$iterator$1.hasNext(Sequences.kt:318)
	at kotlin.sequences.TransformingSequence$iterator$1.hasNext(Sequences.kt:214)
	at kotlin.sequences.FilteringSequence$iterator$1.calcNext(Sequences.kt:169)
	at kotlin.sequences.FilteringSequence$iterator$1.hasNext(Sequences.kt:194)
	at kotlin.sequences.FlatteningSequence$iterator$1.ensureItemIterator(Sequences.kt:328)
	at kotlin.sequences.FlatteningSequence$iterator$1.hasNext(Sequences.kt:318)
	at kotlin.sequences.SequencesKt___SequencesKt.toList(_Sequences.kt:813)
	at com.typewritermc.verification.EntryConstructorAllHaveDefaultValueValidator.validateConstructor(EntryConstructorAllHaveDefaultValueValidator.kt:51)
	at com.typewritermc.verification.EntryConstructorAllHaveDefaultValueValidator.process$lambda$2(EntryConstructorAllHaveDefaultValueValidator.kt:21)
	at kotlin.sequences.FlatteningSequence$iterator$1.ensureItemIterator(Sequences.kt:330)
	at kotlin.sequences.FlatteningSequence$iterator$1.hasNext(Sequences.kt:318)
	at kotlin.sequences.SequencesKt___SequencesKt.toList(_Sequences.kt:813)
	at com.typewritermc.verification.EntryConstructorAllHaveDefaultValueValidator.process(EntryConstructorAllHaveDefaultValueValidator.kt:25)
	at com.google.devtools.ksp.AbstractKotlinSymbolProcessingExtension$doAnalysis$8$1.invoke(KotlinSymbolProcessingExtension.kt:314)
	at com.google.devtools.ksp.AbstractKotlinSymbolProcessingExtension$doAnalysis$8$1.invoke(KotlinSymbolProcessingExtension.kt:312)
	at com.google.devtools.ksp.AbstractKotlinSymbolProcessingExtension.handleException(KotlinSymbolProcessingExtension.kt:424)
	at com.google.devtools.ksp.AbstractKotlinSymbolProcessingExtension.doAnalysis(KotlinSymbolProcessingExtension.kt:312)
	at org.jetbrains.kotlin.cli.jvm.compiler.TopDownAnalyzerFacadeForJVM.analyzeFilesWithJavaIntegration(TopDownAnalyzerFacadeForJVM.kt:112)
	at org.jetbrains.kotlin.cli.jvm.compiler.TopDownAnalyzerFacadeForJVM.analyzeFilesWithJavaIntegration$default(TopDownAnalyzerFacadeForJVM.kt:75)
	at org.jetbrains.kotlin.cli.jvm.compiler.KotlinToJVMBytecodeCompiler.analyze$lambda$12(KotlinToJVMBytecodeCompiler.kt:373)
	at org.jetbrains.kotlin.cli.common.messages.AnalyzerWithCompilerReport.analyzeAndReport(AnalyzerWithCompilerReport.kt:112)
	at org.jetbrains.kotlin.cli.jvm.compiler.KotlinToJVMBytecodeCompiler.analyze(KotlinToJVMBytecodeCompiler.kt:364)
	at org.jetbrains.kotlin.cli.jvm.compiler.KotlinToJVMBytecodeCompiler.runFrontendAndGenerateIrUsingClassicFrontend(KotlinToJVMBytecodeCompiler.kt:195)
	at org.jetbrains.kotlin.cli.jvm.compiler.KotlinToJVMBytecodeCompiler.compileModules$cli(KotlinToJVMBytecodeCompiler.kt:106)
	at org.jetbrains.kotlin.cli.jvm.K2JVMCompiler.doExecute(K2JVMCompiler.kt:170)
	at org.jetbrains.kotlin.cli.jvm.K2JVMCompiler.doExecute(K2JVMCompiler.kt:43)
	at org.jetbrains.kotlin.cli.common.CLICompiler.execImpl(CLICompiler.kt:103)
	at org.jetbrains.kotlin.cli.common.CLICompiler.execImpl(CLICompiler.kt:49)
	at org.jetbrains.kotlin.cli.common.CLITool.exec(CLITool.kt:101)
	at org.jetbrains.kotlin.daemon.CompileServiceImpl.compile(CompileServiceImpl.kt:1555)
	at java.base/jdk.internal.reflect.DirectMethodHandleAccessor.invoke(DirectMethodHandleAccessor.java:103)
	at java.base/java.lang.reflect.Method.invoke(Method.java:580)
	at java.rmi/sun.rmi.server.UnicastServerRef.dispatch(UnicastServerRef.java:360)
	at java.rmi/sun.rmi.transport.Transport$1.run(Transport.java:200)
	at java.rmi/sun.rmi.transport.Transport$1.run(Transport.java:197)
	at java.base/java.security.AccessController.doPrivileged(AccessController.java:714)
	at java.rmi/sun.rmi.transport.Transport.serviceCall(Transport.java:196)
	at java.rmi/sun.rmi.transport.tcp.TCPTransport.handleMessages(TCPTransport.java:598)
	at java.rmi/sun.rmi.transport.tcp.TCPTransport$ConnectionHandler.run0(TCPTransport.java:844)
	at java.rmi/sun.rmi.transport.tcp.TCPTransport$ConnectionHandler.lambda$run$0(TCPTransport.java:721)
	at java.base/java.security.AccessController.doPrivileged(AccessController.java:400)
	at java.rmi/sun.rmi.transport.tcp.TCPTransport$ConnectionHandler.run(TCPTransport.java:720)
	at java.base/java.util.concurrent.ThreadPoolExecutor.runWorker(ThreadPoolExecutor.java:1144)
	at java.base/java.util.concurrent.ThreadPoolExecutor$Worker.run(ThreadPoolExecutor.java:642)
	at java.base/java.lang.Thread.run(Thread.java:1583)
Caused by: java.lang.ClassNotFoundException: com.typewritermc.core.utils.point.Generic
	at java.base/java.net.URLClassLoader.findClass(URLClassLoader.java:445)
	at java.base/java.lang.ClassLoader.loadClass(ClassLoader.java:593)
	at java.base/java.lang.ClassLoader.loadClass(ClassLoader.java:526)
	... 51 more


